2017-04-20 11:33:54, 568 DEBUG [main] beginning.Day4    (    Day4.java:18)     - 서로 다른 두 정수를 입력하시오
2017-04-20 15:07:28, 600 DEBUG [main] beginning.Day4    (    Day4.java:18)     - 서로 다른 두 정수를 입력하시오
2017-04-20 15:07:35, 723 DEBUG [main] beginning.Day4    (    Day4.java:37)     - 최대 공약 수는2
2017-04-20 15:07:45, 601 DEBUG [main] beginning.Day4    (    Day4.java:18)     - 서로 다른 두 정수를 입력하시오
2017-04-20 15:07:49, 421 DEBUG [main] beginning.Day4    (    Day4.java:37)     - 최대 공약 수는10
2017-04-20 15:07:54, 742 DEBUG [main] beginning.Day4    (    Day4.java:18)     - 서로 다른 두 정수를 입력하시오
2017-04-20 15:08:00, 647 DEBUG [main] beginning.Day4    (    Day4.java:37)     - 최대 공약 수는3
2017-04-20 15:08:04, 626 DEBUG [main] beginning.Day4    (    Day4.java:18)     - 서로 다른 두 정수를 입력하시오
2017-04-20 15:08:07, 752 DEBUG [main] beginning.Day4    (    Day4.java:37)     - 최대 공약 수는10
2017-04-20 15:08:11, 770 DEBUG [main] beginning.Day4    (    Day4.java:18)     - 서로 다른 두 정수를 입력하시오
2017-04-20 19:08:34, 360 DEBUG [main] beginning.Day5    (    Day5.java:18)     - 0보다 큰 정수를 입력하시오
2017-04-20 19:08:37, 415 DEBUG [main] beginning.Day5    (    Day5.java:41)     - 0
2017-04-20 19:08:37, 415 DEBUG [main] beginning.Day5    (    Day5.java:43)     - 
2017-04-20 19:08:37, 417 DEBUG [main] beginning.Day5    (    Day5.java:44)     - 1의 갯수는 : 2
2017-04-20 19:09:26, 076 DEBUG [main] beginning.Day5    (    Day5.java:18)     - 0보다 큰 정수를 입력하시오
2017-04-20 19:09:29, 330 DEBUG [main] beginning.Day5    (    Day5.java:41)     - 0
2017-04-20 19:09:29, 343 DEBUG [main] beginning.Day5    (    Day5.java:43)     - 
2017-04-20 19:09:29, 343 DEBUG [main] beginning.Day5    (    Day5.java:44)     - 1의 갯수는 : 2
2017-04-20 19:09:39, 710 DEBUG [main] beginning.Day5    (    Day5.java:18)     - 0보다 큰 정수를 입력하시오
2017-04-20 19:09:45, 803 DEBUG [main] beginning.Day5    (    Day5.java:41)     - 0
2017-04-20 19:09:45, 807 DEBUG [main] beginning.Day5    (    Day5.java:43)     - 
2017-04-20 19:09:45, 807 DEBUG [main] beginning.Day5    (    Day5.java:44)     - 1의 갯수는 : 5
2017-04-20 19:09:55, 246 DEBUG [main] beginning.Day5    (    Day5.java:18)     - 0보다 큰 정수를 입력하시오
2017-04-20 19:09:57, 595 DEBUG [main] beginning.Day5    (    Day5.java:41)     - 1
2017-04-20 19:09:57, 607 DEBUG [main] beginning.Day5    (    Day5.java:43)     - 
2017-04-20 19:09:57, 607 DEBUG [main] beginning.Day5    (    Day5.java:44)     - 1의 갯수는 : 1
2017-04-20 19:10:00, 580 DEBUG [main] beginning.Day5    (    Day5.java:18)     - 0보다 큰 정수를 입력하시오
2017-04-20 19:10:03, 984 DEBUG [main] beginning.Day5    (    Day5.java:41)     - 1
2017-04-20 19:10:03, 999 DEBUG [main] beginning.Day5    (    Day5.java:43)     - 
2017-04-20 19:10:03, 999 DEBUG [main] beginning.Day5    (    Day5.java:44)     - 1의 갯수는 : 6
2017-04-20 19:10:57, 520 DEBUG [main] beginning.Day5    (    Day5.java:20)     - 0보다 큰 정수를 입력하시오
2017-04-20 19:10:59, 221 DEBUG [main] beginning.Day5    (    Day5.java:43)     - 0
2017-04-20 19:10:59, 230 DEBUG [main] beginning.Day5    (    Day5.java:43)     - 0
2017-04-20 19:10:59, 230 DEBUG [main] beginning.Day5    (    Day5.java:45)     - 
2017-04-20 19:10:59, 232 DEBUG [main] beginning.Day5    (    Day5.java:46)     - 1의 갯수는 : 2
2017-04-20 19:15:02, 803 DEBUG [main] beginning.Day5    (    Day5.java:20)     - 0보다 큰 정수를 입력하시오
2017-04-20 19:15:05, 172 DEBUG [main] beginning.Day5    (    Day5.java:43)     - 0
2017-04-20 19:15:05, 183 DEBUG [main] beginning.Day5    (    Day5.java:43)     - 0
2017-04-20 19:15:05, 183 DEBUG [main] beginning.Day5    (    Day5.java:45)     - 
2017-04-20 19:15:05, 183 DEBUG [main] beginning.Day5    (    Day5.java:46)     - 1의 갯수는 : 2
2017-04-20 19:17:20, 571 DEBUG [main] beginning.Day5    (    Day5.java:17)     - 0보다 큰 정수를 입력하시오
2017-04-20 19:17:22, 038 DEBUG [main] beginning.Day5    (    Day5.java:43)     - 0
2017-04-20 19:17:22, 038 DEBUG [main] beginning.Day5    (    Day5.java:43)     - 0
2017-04-20 19:17:22, 038 DEBUG [main] beginning.Day5    (    Day5.java:45)     - 
2017-04-20 19:17:22, 039 DEBUG [main] beginning.Day5    (    Day5.java:46)     - 1의 갯수는 : 2
2017-04-20 19:18:47, 469 DEBUG [main] beginning.Day5    (    Day5.java:18)     - 0보다 큰 임의의 정수 입력하세요.
2017-04-20 19:18:49, 003 DEBUG [main] beginning.Day5    (    Day5.java:47)     - 
2017-04-20 19:18:49, 013 DEBUG [main] beginning.Day5    (    Day5.java:48)     - 1의 갯수는 : 2
2017-04-20 19:19:50, 466 DEBUG [main] beginning.Day5    (    Day5.java:18)     - 0보다 큰 임의의 정수 입력하세요.
2017-04-20 19:19:52, 764 DEBUG [main] beginning.Day5    (    Day5.java:47)     - 
2017-04-20 19:19:52, 766 DEBUG [main] beginning.Day5    (    Day5.java:48)     - 1의 갯수는 : 2
2017-04-20 19:20:10, 953 DEBUG [main] beginning.Day5    (    Day5.java:18)     - 0보다 큰 임의의 정수 입력하세요.
2017-04-20 20:33:45, 667 DEBUG [main] beginning.Day6    (    Day6.java:20)     - 1~99사이의 정수를 입력하세요(종료는 ctrl+z)
2017-04-20 20:33:49, 422 DEBUG [main] beginning.Day6    (    Day6.java:37)     - 짝
2017-04-20 20:33:49, 423 DEBUG [main] beginning.Day6    (    Day6.java:20)     - 1~99사이의 정수를 입력하세요(종료는 ctrl+z)
2017-04-20 20:33:53, 489 DEBUG [main] beginning.Day6    (    Day6.java:40)     - 짝짝
2017-04-20 20:33:53, 496 DEBUG [main] beginning.Day6    (    Day6.java:20)     - 1~99사이의 정수를 입력하세요(종료는 ctrl+z)
