2017-05-10 15:25:40, 387 DEBUG [main] arraylist.List    (    List.java:45)     - ---------------------------------------------------
2017-05-10 15:25:40, 393 DEBUG [main] arraylist.List    (    List.java:84)     - 홍길동
2017-05-10 15:25:40, 393 DEBUG [main] arraylist.List    (    List.java:87)     - 김삿갓
2017-05-10 15:25:40, 393 DEBUG [main] arraylist.List    (    List.java:88)     - true
2017-05-10 15:25:40, 394 DEBUG [main] arraylist.List    (    List.java:94)     - ---------------------------------------------------
2017-05-10 15:26:58, 135 DEBUG [main] arraylist.List    (    List.java:45)     - ---------------------------------------------------
2017-05-10 15:26:58, 139 DEBUG [main] arraylist.List    (    List.java:84)     - 홍길동
2017-05-10 15:26:58, 142 DEBUG [main] arraylist.List    (    List.java:87)     - 김삿갓
2017-05-10 15:26:58, 143 DEBUG [main] arraylist.List    (    List.java:88)     - true
2017-05-10 15:26:58, 143 DEBUG [main] arraylist.List    (    List.java:94)     - ---------------------------------------------------
2017-05-10 15:27:58, 985 DEBUG [main] arraylist.List    (    List.java:45)     - ---------------------------------------------------
2017-05-10 15:27:58, 992 DEBUG [main] arraylist.List    (    List.java:84)     - 홍길동
2017-05-10 15:27:58, 993 DEBUG [main] arraylist.List    (    List.java:94)     - ---------------------------------------------------
2017-05-10 15:28:18, 122 DEBUG [main] arraylist.List    (    List.java:45)     - ---------------------------------------------------
2017-05-10 15:28:18, 125 DEBUG [main] arraylist.List    (    List.java:84)     - 홍길동
2017-05-10 15:28:18, 125 DEBUG [main] arraylist.List    (    List.java:87)     - 김삿갓
2017-05-10 15:28:18, 125 DEBUG [main] arraylist.List    (    List.java:88)     - true
2017-05-10 15:28:18, 126 DEBUG [main] arraylist.List    (    List.java:94)     - ---------------------------------------------------
2017-05-10 15:45:18, 298 DEBUG [main] arraylist.List    (    List.java:45)     - ---------------------------------------------------
2017-05-10 15:45:18, 301 DEBUG [main] arraylist.List    (    List.java:64)     - ---------------------------------------------------
2017-05-10 15:45:18, 301 DEBUG [main] arraylist.List    (    List.java:88)     - ---------------------------------------------------
2017-05-10 15:45:18, 302 DEBUG [main] arraylist.List    (    List.java:98)     - ---------------------------------------------------
2017-05-10 15:45:18, 302 DEBUG [main] arraylist.List    (    List.java:104)     - true
2017-05-10 15:45:18, 302 DEBUG [main] arraylist.List    (    List.java:106)     - ---------------------------------------------------
2017-05-10 15:45:18, 302 DEBUG [main] arraylist.List    (    List.java:118)     - 김삿갓
2017-05-10 15:45:18, 302 DEBUG [main] arraylist.List    (    List.java:119)     - true
2017-05-10 15:45:18, 304 DEBUG [main] arraylist.List    (    List.java:125)     - ---------------------------------------------------
2017-05-10 15:45:49, 566 DEBUG [main] arraylist.List    (    List.java:45)     - ---------------------------------------------------
2017-05-10 15:45:49, 569 DEBUG [main] arraylist.List    (    List.java:64)     - [김삿갓, 1번째 요소값, 홍아리, 홍길동]
2017-05-10 15:45:49, 570 DEBUG [main] arraylist.List    (    List.java:65)     - ---------------------------------------------------
2017-05-10 15:45:49, 570 DEBUG [main] arraylist.List    (    List.java:89)     - ---------------------------------------------------
2017-05-10 15:45:49, 570 DEBUG [main] arraylist.List    (    List.java:99)     - ---------------------------------------------------
2017-05-10 15:45:49, 571 DEBUG [main] arraylist.List    (    List.java:105)     - true
2017-05-10 15:45:49, 571 DEBUG [main] arraylist.List    (    List.java:107)     - ---------------------------------------------------
2017-05-10 15:45:49, 571 DEBUG [main] arraylist.List    (    List.java:119)     - 김삿갓
2017-05-10 15:45:49, 572 DEBUG [main] arraylist.List    (    List.java:120)     - true
2017-05-10 15:45:49, 573 DEBUG [main] arraylist.List    (    List.java:126)     - ---------------------------------------------------
